app/build/outputs/logs/manifest-merger-debug-report.txt
-- Merging decision tree log ---
manifest
ADDED from src\main\AndroidManifest.xml:2:1-55:12
	package
		ADDED from src\main\AndroidManifest.xml:3:5-51
		INJECTED from src\main\AndroidManifest.xml
		INJECTED from src\main\AndroidManifest.xml
	android:versionName
		INJECTED from src\main\AndroidManifest.xml
		INJECTED from src\main\AndroidManifest.xml
	xmlns:android
		ADDED from src\main\AndroidManifest.xml:2:11-69
	android:versionCode
		INJECTED from src\main\AndroidManifest.xml
		INJECTED from src\main\AndroidManifest.xml
uses-permission#android.permission.INTERNET
ADDED from src\main\AndroidManifest.xml:5:5-67
MERGED from [com.mapbox.mapboxsdk:mapbox-android-sdk:4.2.1] AndroidManifest.xml:16:5-67
	android:name
		ADDED from src\main\AndroidManifest.xml:5:22-64
uses-permission#android.permission.ACCESS_COARSE_LOCATION
ADDED from src\main\AndroidManifest.xml:6:5-81
MERGED from [com.mapzen.android:lost:1.1.1] AndroidManifest.xml:9:5-81
	android:name
		ADDED from src\main\AndroidManifest.xml:6:22-78
uses-permission#android.permission.ACCESS_FINE_LOCATION
ADDED from src\main\AndroidManifest.xml:7:5-79
MERGED from [com.mapzen.android:lost:1.1.1] AndroidManifest.xml:10:5-79
	android:name
		ADDED from src\main\AndroidManifest.xml:7:22-76
uses-permission#android.permission.WAKE_LOCK
ADDED from src\main\AndroidManifest.xml:8:5-68
	android:name
		ADDED from src\main\AndroidManifest.xml:8:22-65
uses-permission#android.permission.ACCESS_WIFI_STATE
ADDED from src\main\AndroidManifest.xml:9:5-76
MERGED from [com.mapbox.mapboxsdk:mapbox-android-sdk:4.2.1] AndroidManifest.xml:18:5-76
	android:name
		ADDED from src\main\AndroidManifest.xml:9:22-73
application
ADDED from src\main\AndroidManifest.xml:11:5-53:19
MERGED from [com.android.support:design:23.4.0] AndroidManifest.xml:22:5-20
MERGED from [com.mapzen.android:lost:1.1.1] AndroidManifest.xml:23:5-20
MERGED from [com.android.support:appcompat-v7:25.1.0] AndroidManifest.xml:25:5-20
MERGED from [com.android.support:animated-vector-drawable:25.1.0] AndroidManifest.xml:22:5-20
MERGED from [com.android.support:support-vector-drawable:25.1.0] AndroidManifest.xml:23:5-20
MERGED from [com.android.support:support-v4:25.1.0] AndroidManifest.xml:25:5-20
MERGED from [com.android.support:support-fragment:25.1.0] AndroidManifest.xml:25:5-20
MERGED from [com.android.support:support-media-compat:25.1.0] AndroidManifest.xml:25:5-20
MERGED from [com.android.support:support-core-ui:25.1.0] AndroidManifest.xml:25:5-20
MERGED from [com.android.support:support-core-utils:25.1.0] AndroidManifest.xml:25:5-20
MERGED from [com.android.support:support-compat:25.1.0] AndroidManifest.xml:25:5-20
	android:label
		ADDED from src\main\AndroidManifest.xml:14:9-41
	android:supportsRtl
		ADDED from src\main\AndroidManifest.xml:15:9-35
	android:allowBackup
		ADDED from src\main\AndroidManifest.xml:12:9-35
	android:icon
		ADDED from src\main\AndroidManifest.xml:13:9-43
	android:theme
		ADDED from src\main\AndroidManifest.xml:16:9-40
activity#com.example.nickp.changemakerproject.Splash
ADDED from src\main\AndroidManifest.xml:17:9-23:20
	android:name
		ADDED from src\main\AndroidManifest.xml:17:19-41
intent-filter#android.intent.action.MAIN+android.intent.category.LAUNCHER
ADDED from src\main\AndroidManifest.xml:18:13-22:29
action#android.intent.action.MAIN
ADDED from src\main\AndroidManifest.xml:19:17-69
	android:name
		ADDED from src\main\AndroidManifest.xml:19:25-66
category#android.intent.category.LAUNCHER
ADDED from src\main\AndroidManifest.xml:21:17-77
	android:name
		ADDED from src\main\AndroidManifest.xml:21:27-74
activity#com.example.nickp.changemakerproject.MainActivity
ADDED from src\main\AndroidManifest.xml:26:9-40:20
	android:label
		ADDED from src\main\AndroidManifest.xml:28:13-45
	android:parentActivityName
		ADDED from src\main\AndroidManifest.xml:29:13-55
	android:theme
		ADDED from src\main\AndroidManifest.xml:30:13-44
	android:name
		ADDED from src\main\AndroidManifest.xml:27:13-41
meta-data#android.support.PARENT_ACTIVITY
ADDED from src\main\AndroidManifest.xml:31:13-33:85
	android:value
		ADDED from src\main\AndroidManifest.xml:33:17-82
	android:name
		ADDED from src\main\AndroidManifest.xml:32:17-63
intent-filter#android.intent.action.Cam+android.intent.category.LAUNCHER
ADDED from src\main\AndroidManifest.xml:35:13-39:29
action#android.intent.action.Cam
ADDED from src\main\AndroidManifest.xml:36:17-68
	android:name
		ADDED from src\main\AndroidManifest.xml:36:25-65
meta-data#com.mapbox.AccessToken
ADDED from src\main\AndroidManifest.xml:42:9-44:126
	android:value
		ADDED from src\main\AndroidManifest.xml:44:13-123
	android:name
		ADDED from src\main\AndroidManifest.xml:43:13-50
meta-data#com.mapbox.TestEventsServer
ADDED from src\main\AndroidManifest.xml:45:9-47:73
	android:value
		ADDED from src\main\AndroidManifest.xml:47:13-70
	android:name
		ADDED from src\main\AndroidManifest.xml:46:13-55
meta-data#com.mapbox.TestEventsAccessToken
ADDED from src\main\AndroidManifest.xml:48:9-50:32
	android:value
		ADDED from src\main\AndroidManifest.xml:50:13-29
	android:name
		ADDED from src\main\AndroidManifest.xml:49:13-60
service#com.mapbox.mapboxsdk.telemetry.TelemetryService
ADDED from src\main\AndroidManifest.xml:52:9-83
	android:name
		ADDED from src\main\AndroidManifest.xml:52:18-80
uses-sdk
INJECTED from src\main\AndroidManifest.xml reason: use-sdk injection requested
MERGED from [com.mapbox.mapboxsdk:mapbox-android-sdk:4.2.1] AndroidManifest.xml:5:5-7:41
MERGED from [com.android.support:design:23.4.0] AndroidManifest.xml:20:5-43
MERGED from [com.android.support:recyclerview-v7:23.4.0] AndroidManifest.xml:20:5-43
MERGED from [com.mapzen.android:lost:1.1.1] AndroidManifest.xml:5:5-7:41
MERGED from [com.android.support:appcompat-v7:25.1.0] AndroidManifest.xml:21:5-23:78
MERGED from [com.android.support:animated-vector-drawable:25.1.0] AndroidManifest.xml:20:5-44
MERGED from [com.android.support:support-vector-drawable:25.1.0] AndroidManifest.xml:21:5-43
MERGED from [com.android.support:support-v4:25.1.0] AndroidManifest.xml:21:5-23:54
MERGED from [com.android.support:support-fragment:25.1.0] AndroidManifest.xml:21:5-23:60
MERGED from [com.android.support:support-media-compat:25.1.0] AndroidManifest.xml:21:5-23:63
MERGED from [com.android.support:support-core-ui:25.1.0] AndroidManifest.xml:21:5-23:58
MERGED from [com.android.support:support-core-utils:25.1.0] AndroidManifest.xml:21:5-23:61
MERGED from [com.android.support:support-compat:25.1.0] AndroidManifest.xml:21:5-23:58
	tools:overrideLibrary
		ADDED from [com.android.support:appcompat-v7:25.1.0] AndroidManifest.xml:23:9-75
	android:targetSdkVersion
		INJECTED from src\main\AndroidManifest.xml
		INJECTED from src\main\AndroidManifest.xml
	android:minSdkVersion
		INJECTED from src\main\AndroidManifest.xml
		INJECTED from src\main\AndroidManifest.xml
uses-feature#0x00020000
ADDED from [com.mapbox.mapboxsdk:mapbox-android-sdk:4.2.1] AndroidManifest.xml:9:5-11:35
	android:glEsVersion
		ADDED from [com.mapbox.mapboxsdk:mapbox-android-sdk:4.2.1] AndroidManifest.xml:10:9-41
	android:required
		ADDED from [com.mapbox.mapboxsdk:mapbox-android-sdk:4.2.1] AndroidManifest.xml:11:9-32
uses-feature#android.hardware.wifi
ADDED from [com.mapbox.mapboxsdk:mapbox-android-sdk:4.2.1] AndroidManifest.xml:12:5-14:36
MERGED from [com.mapzen.android:lost:1.1.1] AndroidManifest.xml:20:5-58
	android:required
		ADDED from [com.mapbox.mapboxsdk:mapbox-android-sdk:4.2.1] AndroidManifest.xml:14:9-33
		MERGED from src\main\AndroidManifest.xml:12:5-14:36
	android:name
		ADDED from [com.mapbox.mapboxsdk:mapbox-android-sdk:4.2.1] AndroidManifest.xml:13:9-45
uses-permission#android.permission.ACCESS_NETWORK_STATE
ADDED from [com.mapbox.mapboxsdk:mapbox-android-sdk:4.2.1] AndroidManifest.xml:17:5-79
	android:name
		ADDED from [com.mapbox.mapboxsdk:mapbox-android-sdk:4.2.1] AndroidManifest.xml:17:22-76
uses-feature#android.hardware.sensor.accelerometer
ADDED from [com.mapzen.android:lost:1.1.1] AndroidManifest.xml:12:5-14:36
	android:required
		ADDED from [com.mapzen.android:lost:1.1.1] AndroidManifest.xml:14:9-33
	android:name
		ADDED from [com.mapzen.android:lost:1.1.1] AndroidManifest.xml:13:9-61
uses-feature#android.hardware.location
ADDED from [com.mapzen.android:lost:1.1.1] AndroidManifest.xml:15:5-62
	android:name
		ADDED from [com.mapzen.android:lost:1.1.1] AndroidManifest.xml:15:19-59
uses-feature#android.hardware.location.gps
ADDED from [com.mapzen.android:lost:1.1.1] AndroidManifest.xml:16:5-66
	android:name
		ADDED from [com.mapzen.android:lost:1.1.1] AndroidManifest.xml:16:19-63
uses-feature#android.hardware.telephony
ADDED from [com.mapzen.android:lost:1.1.1] AndroidManifest.xml:17:5-19:36
	android:required
		ADDED from [com.mapzen.android:lost:1.1.1] AndroidManifest.xml:19:9-33
	android:name
		ADDED from [com.mapzen.android:lost:1.1.1] AndroidManifest.xml:18:9-50